<?xml version="1.0" encoding="utf-8"?><testsuites><testsuite name="pytest" errors="0" failures="0" skipped="0" tests="35" time="4.539" timestamp="2026-09-05T11:40:26.861785+00:00" hostname="e2b.local"><testcase classname="tests.contracts.test_node_specs" name="test_all_release1_nodes_registered" time="0.012" /><testcase classname="tests.e2e.test_chromium_title" name="test_chromium_reads_title" time="1.210" /><testcase classname="tests.e2e.test_local_http_flow" name="test_template_and_compare_flow" time="0.038" /><testcase classname="tests.integration.test_auth_flow" name="test_admin_init_login_and_flow" time="0.639" /><testcase classname="tests.security.test_ssrf_and_secrets" name="test_metadata_blocked" time="0.035" /><testcase classname="tests.security.test_ssrf_and_secrets" name="test_secret_box_roundtrip" time="0.003" /><testcase classname="tests.security.test_ssrf_and_secrets" name="test_redaction_filter_values" time="0.002" /><testcase classname="tests.stability.test_engine_repeat" name="test_one_hundred_short_runs" time="0.054" /><testcase classname="tests.unit.test_compiler" name="test_rejects_missing_start" time="0.002" /><testcase classname="tests.unit.test_compiler" name="test_compiles_linear_flow" time="0.002" /><testcase classname="tests.unit.test_compiler" name="test_rejects_unknown_type" time="0.002" /><testcase classname="tests.unit.test_compiler" name="test_rejects_cycle" time="0.002" /><testcase classname="tests.unit.test_compiler" name="test_duplicate_ids" time="0.002" /><testcase classname="tests.unit.test_engine" name="test_engine_constant_flow" time="0.035" /><testcase classname="tests.unit.test_engine" name="test_if_skips_false_branch" time="0.035" /><testcase classname="tests.unit.test_engine" name="test_foreach_and_return" time="0.035" /><testcase classname="tests.unit.test_health" name="test_live_payload_ok" time="0.032" /><testcase classname="tests.unit.test_health" name="test_ready_optional_redis" time="0.032" /><testcase classname="tests.unit.test_health" name="test_health_live_http" time="0.103" /><testcase classname="tests.unit.test_health" name="test_health_ready_http" time="0.103" /><testcase classname="tests.unit.test_health" name="test_metrics_http" time="0.104" /><testcase classname="tests.unit.test_network_policy" name="test_blocks_localhost" time="0.034" /><testcase classname="tests.unit.test_network_policy" name="test_blocks_file_scheme" time="0.039" /><testcase classname="tests.unit.test_network_policy" name="test_allows_public_https" time="0.036" /><testcase classname="tests.unit.test_redaction" name="test_redacts_password_key" time="0.002" /><testcase classname="tests.unit.test_redaction" name="test_redacts_nested" time="0.002" /><testcase classname="tests.unit.test_redaction" name="test_redacts_inline_secret_text" time="0.002" /><testcase classname="tests.unit.test_safepath" name="test_rejects_traversal" time="0.002" /><testcase classname="tests.unit.test_safepath" name="test_allows_nested" time="0.002" /><testcase classname="tests.unit.test_state_machine" name="test_happy_path_transitions" time="0.002" /><testcase classname="tests.unit.test_state_machine" name="test_illegal_transition_raises" time="0.002" /><testcase classname="tests.unit.test_state_machine" name="test_worker_lost_can_requeue" time="0.002" /><testcase classname="tests.unit.test_state_machine" name="test_terminal_detection" time="0.001" /><testcase classname="tests.unit.test_state_machine" name="test_node_skip_from_pending" time="0.002" /><testcase classname="tests.unit.test_state_machine" name="test_node_cannot_revive" time="0.002" /></testsuite></testsuites>